<?xml version="1.0" encoding="UTF-8"?>
<!-- Generated by org.testng.reporters.JUnitXMLReporter -->
<testsuite ignored="1" hostname="DESKTOP-JDBRO8S" failures="0" tests="1" name="Test" time="0.074" errors="0" timestamp="2022-05-09T16:51:00 IST">
  <testcase classname="MAVEN.ReadingTheDataFromCommandLineTest" name="regression" time="0.015"/>
  <testcase classname="MAVEN.ReadingTheDataFromCommandLineTest" name="readingDataFromTest" time="0.0">
    <ignored/>
  </testcase> <!-- readingDataFromTest -->
</testsuite> <!-- Test -->
