<?xml version="1.0" encoding="UTF-8"?>
<testng-results ignored="1" total="2" passed="1" failed="0" skipped="0">
  <reporter-output>
  </reporter-output>
  <suite started-at="2022-05-09T16:51:00 IST" name="Suite" finished-at="2022-05-09T16:51:00 IST" duration-ms="74">
    <groups>
      <group name="regression">
        <method signature="ReadingTheDataFromCommandLineTest.regression()[pri:0, instance:MAVEN.ReadingTheDataFromCommandLineTest@63021689]" name="regression" class="MAVEN.ReadingTheDataFromCommandLineTest"/>
      </group> <!-- regression -->
    </groups>
    <test started-at="2022-05-09T16:51:00 IST" name="Test" finished-at="2022-05-09T16:51:00 IST" duration-ms="74">
      <class name="MAVEN.ReadingTheDataFromCommandLineTest">
        <test-method signature="regression()[pri:0, instance:MAVEN.ReadingTheDataFromCommandLineTest@63021689]" started-at="2022-05-09T16:51:00 IST" name="regression" finished-at="2022-05-09T16:51:00 IST" duration-ms="15" status="PASS">
          <reporter-output>
          </reporter-output>
        </test-method> <!-- regression -->
      </class> <!-- MAVEN.ReadingTheDataFromCommandLineTest -->
    </test> <!-- Test -->
  </suite> <!-- Suite -->
</testng-results>
